[2025-11-10 22:25:02] Project=vertex-ai-scraper-project Region=us-east4 Service=sitemap-orchestrator
[2025-11-10 22:25:03] Image: us-east4-docker.pkg.dev/vertex-ai-scraper-project/cloud-run-source-deploy/sitemap-orchestrator@sha256:2ae37eca6c47a2acaf009fa33ebeb484d162b756a14187022e629c7bc9fd005e
[2025-11-10 22:25:04] Exporting image filesystem with crane…
[2025-11-10 22:25:07] tar sample:
/cnb
/cnb/process
/cnb/process/web
/layers
/layers/config
[2025-11-10 22:25:08] Copied from '/workspace'
[2025-11-10 22:25:09] Markers: main.py requirements.txt
[2025-11-10 22:25:09] Top-level in DEST:
[ls] total 48
[ls] drwxr-xr-x   3 oliver2  staff    96 Nov 10 22:25 __pycache__
[ls] -rw-r--r--   1 oliver2  staff     0 Nov 10 22:25 _errors.log
[ls] -rw-r--r--   1 oliver2  staff   596 Nov 10 22:25 _extract.log
[ls] drwxr-xr-x   9 oliver2  staff   288 Nov 10 22:25 .
[ls] drwxr-xr-x  15 oliver2  staff   480 Nov 10 21:34 ..
[ls] -rw-r--r--   1 oliver2  staff   167 Nov 10 22:25 IMAGE.txt
[ls] -rwxr-xr-x   1 oliver2  staff  3079 Dec 31  1979 main.py
[ls] -rwxr-xr-x   1 oliver2  staff   494 Dec 31  1979 requirements.txt
[ls] -rw-r--r--   1 oliver2  staff  4602 Nov 10 22:25 service.yaml
