[2025-11-10 22:24:48] Project=vertex-ai-scraper-project Region=us-east4 Service=save-scraped-data
[2025-11-10 22:24:50] Image: us-east4-docker.pkg.dev/vertex-ai-scraper-project/cloud-run-source-deploy/save-scraped-data@sha256:081790d35062732da31c76882d7ca613b3e27e85db6520a402df2db80ca45349
[2025-11-10 22:24:50] Exporting image filesystem with crane…
[2025-11-10 22:24:54] tar sample:
/cnb
/cnb/process
/cnb/process/web
/layers
/layers/config
[2025-11-10 22:24:54] Copied from '/workspace'
[2025-11-10 22:24:55] Markers: main.py requirements.txt
[2025-11-10 22:24:55] Top-level in DEST:
[ls] total 40
[ls] drwxr-xr-x   3 oliver2  staff    96 Nov 10 22:24 __pycache__
[ls] -rw-r--r--   1 oliver2  staff     0 Nov 10 22:24 _errors.log
[ls] -rw-r--r--   1 oliver2  staff   590 Nov 10 22:24 _extract.log
[ls] drwxr-xr-x   9 oliver2  staff   288 Nov 10 22:24 .
[ls] drwxr-xr-x  15 oliver2  staff   480 Nov 10 21:34 ..
[ls] -rw-r--r--   1 oliver2  staff   164 Nov 10 22:24 IMAGE.txt
[ls] -rwxr-xr-x   1 oliver2  staff  2154 Dec 31  1979 main.py
[ls] -rwxr-xr-x   1 oliver2  staff    45 Dec 31  1979 requirements.txt
[ls] -rw-r--r--   1 oliver2  staff  3753 Nov 10 22:24 service.yaml
